2017-09-04 14:39:19,080 INFO  [org.eclim.eclipse.EclimDaemon] Workspace: /home/zh/workspace
2017-09-04 14:39:19,087 INFO  [org.eclim.eclipse.EclimDaemon] Home: /opt/eclipse/plugins/org.eclim_2.6.0/
2017-09-04 14:39:19,087 INFO  [org.eclim.eclipse.EclimDaemon] Starting eclim...
2017-09-04 14:39:19,114 INFO  [org.eclim.eclipse.EclimDaemon] Loading plugin org.eclim
2017-09-04 14:39:19,117 INFO  [org.eclim.eclipse.EclimDaemon] Loading plugin org.eclim.core
2017-09-04 14:39:19,306 INFO  [org.eclim.plugin.core.CorePlugin] Loading eclim plugins...
2017-09-04 14:39:19,323 INFO  [org.eclim.plugin.core.CorePlugin] Loading plugin org.eclim.jdt
2017-09-04 14:39:19,329 INFO  [org.eclim.plugin.core.CorePlugin] Plugins loaded.
2017-09-04 14:39:19,329 INFO  [org.eclim.eclipse.EclimDaemon] Loaded plugin org.eclim.core
2017-09-04 14:39:19,333 INFO  [org.eclim.eclipse.EclimDaemon] Waiting on running jobs before starting eclimd...
2017-09-04 14:39:25,334 INFO  [org.eclim.eclipse.EclimDaemon] Jobs finished.
2017-09-04 14:39:25,335 INFO  [org.eclim.eclipse.EclimDaemon] Eclim Server Started on: 127.0.0.1:9091
2017-09-04 14:39:25,361 ERROR [org.eclim.eclipse.EclimDaemon] Error starting eclim:
java.lang.RuntimeException: java.net.BindException: Address already in use (Bind failed)
	at com.martiansoftware.nailgun.NGServer.run(NGServer.java:426)
	at org.eclim.eclipse.EclimDaemon.start(EclimDaemon.java:160)
	at org.eclim.eclipse.EclimStartup$1$1.run(EclimStartup.java:54)
Caused by: java.net.BindException: Address already in use (Bind failed)
	at java.net.PlainSocketImpl.socketBind(Native Method)
	at java.net.AbstractPlainSocketImpl.bind(AbstractPlainSocketImpl.java:387)
	at java.net.ServerSocket.bind(ServerSocket.java:375)
	at java.net.ServerSocket.<init>(ServerSocket.java:237)
	at com.martiansoftware.nailgun.NGServer.run(NGServer.java:408)
	... 2 more
2017-09-04 16:00:37,582 INFO  [org.eclim.eclipse.EclimDaemon] Workspace: /home/zh/workspace
2017-09-04 16:00:37,631 INFO  [org.eclim.eclipse.EclimDaemon] Home: /opt/eclipse/plugins/org.eclim_2.6.0/
2017-09-04 16:00:37,632 INFO  [org.eclim.eclipse.EclimDaemon] Starting eclim...
2017-09-04 16:00:37,664 INFO  [org.eclim.eclipse.EclimDaemon] Loading plugin org.eclim
2017-09-04 16:00:37,667 INFO  [org.eclim.eclipse.EclimDaemon] Loading plugin org.eclim.core
2017-09-04 16:00:38,022 INFO  [org.eclim.plugin.core.CorePlugin] Loading eclim plugins...
2017-09-04 16:00:38,053 INFO  [org.eclim.plugin.core.CorePlugin] Loading plugin org.eclim.jdt
2017-09-04 16:00:38,063 INFO  [org.eclim.plugin.core.CorePlugin] Plugins loaded.
2017-09-04 16:00:38,064 INFO  [org.eclim.eclipse.EclimDaemon] Loaded plugin org.eclim.core
2017-09-04 16:00:38,069 INFO  [org.eclim.eclipse.EclimDaemon] Waiting on running jobs before starting eclimd...
2017-09-04 16:00:42,072 INFO  [org.eclim.eclipse.EclimDaemon] Jobs finished.
2017-09-04 16:00:42,072 INFO  [org.eclim.eclipse.EclimDaemon] Eclim Server Started on: 127.0.0.1:9091
2017-09-04 16:03:18,497 ERROR [org.eclim.command.Main] Command failed
Java Model Exception: Java Model Status [索引值超出限制]
	at org.eclipse.jdt.internal.core.Openable.codeComplete(Openable.java:121)
	at org.eclipse.jdt.internal.core.CompilationUnit.codeComplete(CompilationUnit.java:357)
	at org.eclipse.jdt.internal.core.CompilationUnit.codeComplete(CompilationUnit.java:351)
	at org.eclipse.jdt.internal.core.CompilationUnit.codeComplete(CompilationUnit.java:339)
	at org.eclim.plugin.jdt.command.complete.CodeCompleteCommand.getCompletionResults(CodeCompleteCommand.java:83)
	at org.eclim.plugin.core.command.complete.AbstractCodeCompleteCommand.execute(AbstractCodeCompleteCommand.java:63)
	at org.eclim.command.Main$1.run(Main.java:100)
	at org.eclipse.swt.widgets.RunnableLock.run(RunnableLock.java:35)
	at org.eclipse.swt.widgets.Synchronizer.runAsyncMessages(Synchronizer.java:182)
	at org.eclipse.swt.widgets.Display.runAsyncMessages(Display.java:4536)
	at org.eclipse.swt.widgets.Display.readAndDispatch(Display.java:4154)
	at org.eclipse.e4.ui.internal.workbench.swt.PartRenderingEngine$4.run(PartRenderingEngine.java:1121)
	at org.eclipse.core.databinding.observable.Realm.runWithDefault(Realm.java:336)
	at org.eclipse.e4.ui.internal.workbench.swt.PartRenderingEngine.run(PartRenderingEngine.java:1022)
	at org.eclipse.e4.ui.internal.workbench.E4Workbench.createAndRunUI(E4Workbench.java:150)
	at org.eclipse.ui.internal.Workbench$5.run(Workbench.java:693)
	at org.eclipse.core.databinding.observable.Realm.runWithDefault(Realm.java:336)
	at org.eclipse.ui.internal.Workbench.createAndRunWorkbench(Workbench.java:610)
	at org.eclipse.ui.PlatformUI.createAndRunWorkbench(PlatformUI.java:148)
	at org.eclipse.ui.internal.ide.application.IDEApplication.start(IDEApplication.java:138)
	at org.eclim.eclipse.EclimApplication.start(EclimApplication.java:128)
	at org.eclipse.equinox.internal.app.EclipseAppHandle.run(EclipseAppHandle.java:196)
	at org.eclipse.core.runtime.internal.adaptor.EclipseAppLauncher.runApplication(EclipseAppLauncher.java:134)
	at org.eclipse.core.runtime.internal.adaptor.EclipseAppLauncher.start(EclipseAppLauncher.java:104)
	at org.eclipse.core.runtime.adaptor.EclipseStarter.run(EclipseStarter.java:388)
	at org.eclipse.core.runtime.adaptor.EclipseStarter.run(EclipseStarter.java:243)
	at sun.reflect.NativeMethodAccessorImpl.invoke0(Native Method)
	at sun.reflect.NativeMethodAccessorImpl.invoke(NativeMethodAccessorImpl.java:62)
	at sun.reflect.DelegatingMethodAccessorImpl.invoke(DelegatingMethodAccessorImpl.java:43)
	at java.lang.reflect.Method.invoke(Method.java:498)
	at org.eclipse.equinox.launcher.Main.invokeFramework(Main.java:673)
	at org.eclipse.equinox.launcher.Main.basicRun(Main.java:610)
	at org.eclipse.equinox.launcher.Main.run(Main.java:1519)
	at org.eclipse.equinox.launcher.Main.main(Main.java:1492)
2017-09-04 16:03:18,663 ERROR [org.eclim.command.Main] Command failed
Java Model Exception: Java Model Status [索引值超出限制]
	at org.eclipse.jdt.internal.core.Openable.codeComplete(Openable.java:121)
	at org.eclipse.jdt.internal.core.CompilationUnit.codeComplete(CompilationUnit.java:357)
	at org.eclipse.jdt.internal.core.CompilationUnit.codeComplete(CompilationUnit.java:351)
	at org.eclipse.jdt.internal.core.CompilationUnit.codeComplete(CompilationUnit.java:339)
	at org.eclim.plugin.jdt.command.complete.CodeCompleteCommand.getCompletionResults(CodeCompleteCommand.java:83)
	at org.eclim.plugin.core.command.complete.AbstractCodeCompleteCommand.execute(AbstractCodeCompleteCommand.java:63)
	at org.eclim.command.Main$1.run(Main.java:100)
	at org.eclipse.swt.widgets.RunnableLock.run(RunnableLock.java:35)
	at org.eclipse.swt.widgets.Synchronizer.runAsyncMessages(Synchronizer.java:182)
	at org.eclipse.swt.widgets.Display.runAsyncMessages(Display.java:4536)
	at org.eclipse.swt.widgets.Display.readAndDispatch(Display.java:4154)
	at org.eclipse.e4.ui.internal.workbench.swt.PartRenderingEngine$4.run(PartRenderingEngine.java:1121)
	at org.eclipse.core.databinding.observable.Realm.runWithDefault(Realm.java:336)
	at org.eclipse.e4.ui.internal.workbench.swt.PartRenderingEngine.run(PartRenderingEngine.java:1022)
	at org.eclipse.e4.ui.internal.workbench.E4Workbench.createAndRunUI(E4Workbench.java:150)
	at org.eclipse.ui.internal.Workbench$5.run(Workbench.java:693)
	at org.eclipse.core.databinding.observable.Realm.runWithDefault(Realm.java:336)
	at org.eclipse.ui.internal.Workbench.createAndRunWorkbench(Workbench.java:610)
	at org.eclipse.ui.PlatformUI.createAndRunWorkbench(PlatformUI.java:148)
	at org.eclipse.ui.internal.ide.application.IDEApplication.start(IDEApplication.java:138)
	at org.eclim.eclipse.EclimApplication.start(EclimApplication.java:128)
	at org.eclipse.equinox.internal.app.EclipseAppHandle.run(EclipseAppHandle.java:196)
	at org.eclipse.core.runtime.internal.adaptor.EclipseAppLauncher.runApplication(EclipseAppLauncher.java:134)
	at org.eclipse.core.runtime.internal.adaptor.EclipseAppLauncher.start(EclipseAppLauncher.java:104)
	at org.eclipse.core.runtime.adaptor.EclipseStarter.run(EclipseStarter.java:388)
	at org.eclipse.core.runtime.adaptor.EclipseStarter.run(EclipseStarter.java:243)
	at sun.reflect.NativeMethodAccessorImpl.invoke0(Native Method)
	at sun.reflect.NativeMethodAccessorImpl.invoke(NativeMethodAccessorImpl.java:62)
	at sun.reflect.DelegatingMethodAccessorImpl.invoke(DelegatingMethodAccessorImpl.java:43)
	at java.lang.reflect.Method.invoke(Method.java:498)
	at org.eclipse.equinox.launcher.Main.invokeFramework(Main.java:673)
	at org.eclipse.equinox.launcher.Main.basicRun(Main.java:610)
	at org.eclipse.equinox.launcher.Main.run(Main.java:1519)
	at org.eclipse.equinox.launcher.Main.main(Main.java:1492)
2017-09-04 16:03:33,009 ERROR [org.eclim.command.Main] Command failed
Java Model Exception: Java Model Status [索引值超出限制]
	at org.eclipse.jdt.internal.core.Openable.codeComplete(Openable.java:121)
	at org.eclipse.jdt.internal.core.CompilationUnit.codeComplete(CompilationUnit.java:357)
	at org.eclipse.jdt.internal.core.CompilationUnit.codeComplete(CompilationUnit.java:351)
	at org.eclipse.jdt.internal.core.CompilationUnit.codeComplete(CompilationUnit.java:339)
	at org.eclim.plugin.jdt.command.complete.CodeCompleteCommand.getCompletionResults(CodeCompleteCommand.java:83)
	at org.eclim.plugin.core.command.complete.AbstractCodeCompleteCommand.execute(AbstractCodeCompleteCommand.java:63)
	at org.eclim.command.Main$1.run(Main.java:100)
	at org.eclipse.swt.widgets.RunnableLock.run(RunnableLock.java:35)
	at org.eclipse.swt.widgets.Synchronizer.runAsyncMessages(Synchronizer.java:182)
	at org.eclipse.swt.widgets.Display.runAsyncMessages(Display.java:4536)
	at org.eclipse.swt.widgets.Display.readAndDispatch(Display.java:4154)
	at org.eclipse.e4.ui.internal.workbench.swt.PartRenderingEngine$4.run(PartRenderingEngine.java:1121)
	at org.eclipse.core.databinding.observable.Realm.runWithDefault(Realm.java:336)
	at org.eclipse.e4.ui.internal.workbench.swt.PartRenderingEngine.run(PartRenderingEngine.java:1022)
	at org.eclipse.e4.ui.internal.workbench.E4Workbench.createAndRunUI(E4Workbench.java:150)
	at org.eclipse.ui.internal.Workbench$5.run(Workbench.java:693)
	at org.eclipse.core.databinding.observable.Realm.runWithDefault(Realm.java:336)
	at org.eclipse.ui.internal.Workbench.createAndRunWorkbench(Workbench.java:610)
	at org.eclipse.ui.PlatformUI.createAndRunWorkbench(PlatformUI.java:148)
	at org.eclipse.ui.internal.ide.application.IDEApplication.start(IDEApplication.java:138)
	at org.eclim.eclipse.EclimApplication.start(EclimApplication.java:128)
	at org.eclipse.equinox.internal.app.EclipseAppHandle.run(EclipseAppHandle.java:196)
	at org.eclipse.core.runtime.internal.adaptor.EclipseAppLauncher.runApplication(EclipseAppLauncher.java:134)
	at org.eclipse.core.runtime.internal.adaptor.EclipseAppLauncher.start(EclipseAppLauncher.java:104)
	at org.eclipse.core.runtime.adaptor.EclipseStarter.run(EclipseStarter.java:388)
	at org.eclipse.core.runtime.adaptor.EclipseStarter.run(EclipseStarter.java:243)
	at sun.reflect.NativeMethodAccessorImpl.invoke0(Native Method)
	at sun.reflect.NativeMethodAccessorImpl.invoke(NativeMethodAccessorImpl.java:62)
	at sun.reflect.DelegatingMethodAccessorImpl.invoke(DelegatingMethodAccessorImpl.java:43)
	at java.lang.reflect.Method.invoke(Method.java:498)
	at org.eclipse.equinox.launcher.Main.invokeFramework(Main.java:673)
	at org.eclipse.equinox.launcher.Main.basicRun(Main.java:610)
	at org.eclipse.equinox.launcher.Main.run(Main.java:1519)
	at org.eclipse.equinox.launcher.Main.main(Main.java:1492)
2017-09-04 19:20:18,251 INFO  [org.eclim.eclipse.EclimDaemon] Workspace: /home/zh/workspace
2017-09-04 19:20:18,295 INFO  [org.eclim.eclipse.EclimDaemon] Home: /opt/eclipse/plugins/org.eclim_2.6.0/
2017-09-04 19:20:18,295 INFO  [org.eclim.eclipse.EclimDaemon] Starting eclim...
2017-09-04 19:20:18,319 INFO  [org.eclim.eclipse.EclimDaemon] Loading plugin org.eclim
2017-09-04 19:20:18,323 INFO  [org.eclim.eclipse.EclimDaemon] Loading plugin org.eclim.core
2017-09-04 19:20:18,555 INFO  [org.eclim.plugin.core.CorePlugin] Loading eclim plugins...
2017-09-04 19:20:18,562 INFO  [org.eclim.plugin.core.CorePlugin] Loading plugin org.eclim.jdt
2017-09-04 19:20:18,721 INFO  [org.eclim.plugin.core.CorePlugin] Plugins loaded.
2017-09-04 19:20:18,721 INFO  [org.eclim.eclipse.EclimDaemon] Loaded plugin org.eclim.core
2017-09-04 19:20:18,722 INFO  [org.eclim.eclipse.EclimDaemon] Eclim Server Started on: 127.0.0.1:9091
2017-09-04 19:22:54,438 INFO  [org.eclim.eclipse.EclimDaemon] Shutting down eclim...
2017-09-04 19:22:54,464 INFO  [org.eclim.eclipse.EclimDaemon] Stopping plugin org.eclim.core
2017-09-04 19:22:54,465 INFO  [org.eclim.plugin.core.CorePlugin] Stopping plugin org.eclim.jdt
2017-09-04 19:22:54,466 INFO  [org.eclim.eclipse.EclimDaemon] Eclim stopped.
2017-09-04 19:23:21,532 INFO  [org.eclim.eclipse.EclimDaemon] Workspace: /home/zh/workspace
2017-09-04 19:23:21,532 INFO  [org.eclim.eclipse.EclimDaemon] Home: /opt/eclipse/plugins/org.eclim_2.6.0/
2017-09-04 19:23:21,534 INFO  [org.eclim.eclipse.EclimDaemon] Starting eclim...
2017-09-04 19:23:21,534 INFO  [org.eclim.eclipse.EclimDaemon] Loading plugin org.eclim
2017-09-04 19:23:21,534 INFO  [org.eclim.eclipse.EclimDaemon] Loading plugin org.eclim.core
2017-09-04 19:23:21,552 INFO  [org.eclim.plugin.core.CorePlugin] Loading eclim plugins...
2017-09-04 19:23:21,555 INFO  [org.eclim.plugin.core.CorePlugin] Loading plugin org.eclim.jdt
2017-09-04 19:23:21,555 INFO  [org.eclim.plugin.core.CorePlugin] Plugins loaded.
2017-09-04 19:23:21,556 INFO  [org.eclim.eclipse.EclimDaemon] Loaded plugin org.eclim.core
2017-09-04 19:23:21,556 INFO  [org.eclim.eclipse.EclimDaemon] Eclim Server Started on: 127.0.0.1:9091
2017-09-04 19:24:16,084 ERROR [org.eclim.command.Main] Command failed
Java Model Exception: Java Model Status [索引值超出限制]
	at org.eclipse.jdt.internal.core.Openable.codeComplete(Openable.java:121)
	at org.eclipse.jdt.internal.core.CompilationUnit.codeComplete(CompilationUnit.java:357)
	at org.eclipse.jdt.internal.core.CompilationUnit.codeComplete(CompilationUnit.java:351)
	at org.eclipse.jdt.internal.core.CompilationUnit.codeComplete(CompilationUnit.java:339)
	at org.eclim.plugin.jdt.command.complete.CodeCompleteCommand.getCompletionResults(CodeCompleteCommand.java:83)
	at org.eclim.plugin.core.command.complete.AbstractCodeCompleteCommand.execute(AbstractCodeCompleteCommand.java:63)
	at org.eclim.command.Main$1.run(Main.java:100)
	at org.eclipse.swt.widgets.RunnableLock.run(RunnableLock.java:35)
	at org.eclipse.swt.widgets.Synchronizer.runAsyncMessages(Synchronizer.java:182)
	at org.eclipse.swt.widgets.Display.runAsyncMessages(Display.java:4536)
	at org.eclipse.swt.widgets.Display.readAndDispatch(Display.java:4154)
	at org.eclipse.e4.ui.internal.workbench.swt.PartRenderingEngine$4.run(PartRenderingEngine.java:1121)
	at org.eclipse.core.databinding.observable.Realm.runWithDefault(Realm.java:336)
	at org.eclipse.e4.ui.internal.workbench.swt.PartRenderingEngine.run(PartRenderingEngine.java:1022)
	at org.eclipse.e4.ui.internal.workbench.E4Workbench.createAndRunUI(E4Workbench.java:150)
	at org.eclipse.ui.internal.Workbench$5.run(Workbench.java:693)
	at org.eclipse.core.databinding.observable.Realm.runWithDefault(Realm.java:336)
	at org.eclipse.ui.internal.Workbench.createAndRunWorkbench(Workbench.java:610)
	at org.eclipse.ui.PlatformUI.createAndRunWorkbench(PlatformUI.java:148)
	at org.eclipse.ui.internal.ide.application.IDEApplication.start(IDEApplication.java:138)
	at org.eclipse.equinox.internal.app.EclipseAppHandle.run(EclipseAppHandle.java:196)
	at org.eclipse.core.runtime.internal.adaptor.EclipseAppLauncher.runApplication(EclipseAppLauncher.java:134)
	at org.eclipse.core.runtime.internal.adaptor.EclipseAppLauncher.start(EclipseAppLauncher.java:104)
	at org.eclipse.core.runtime.adaptor.EclipseStarter.run(EclipseStarter.java:388)
	at org.eclipse.core.runtime.adaptor.EclipseStarter.run(EclipseStarter.java:243)
	at sun.reflect.NativeMethodAccessorImpl.invoke0(Native Method)
	at sun.reflect.NativeMethodAccessorImpl.invoke(NativeMethodAccessorImpl.java:62)
	at sun.reflect.DelegatingMethodAccessorImpl.invoke(DelegatingMethodAccessorImpl.java:43)
	at java.lang.reflect.Method.invoke(Method.java:498)
	at org.eclipse.equinox.launcher.Main.invokeFramework(Main.java:673)
	at org.eclipse.equinox.launcher.Main.basicRun(Main.java:610)
	at org.eclipse.equinox.launcher.Main.run(Main.java:1519)
	at org.eclipse.equinox.launcher.Main.main(Main.java:1492)
2017-09-04 19:24:16,292 ERROR [org.eclim.command.Main] Command failed
Java Model Exception: Java Model Status [索引值超出限制]
	at org.eclipse.jdt.internal.core.Openable.codeComplete(Openable.java:121)
	at org.eclipse.jdt.internal.core.CompilationUnit.codeComplete(CompilationUnit.java:357)
	at org.eclipse.jdt.internal.core.CompilationUnit.codeComplete(CompilationUnit.java:351)
	at org.eclipse.jdt.internal.core.CompilationUnit.codeComplete(CompilationUnit.java:339)
	at org.eclim.plugin.jdt.command.complete.CodeCompleteCommand.getCompletionResults(CodeCompleteCommand.java:83)
	at org.eclim.plugin.core.command.complete.AbstractCodeCompleteCommand.execute(AbstractCodeCompleteCommand.java:63)
	at org.eclim.command.Main$1.run(Main.java:100)
	at org.eclipse.swt.widgets.RunnableLock.run(RunnableLock.java:35)
	at org.eclipse.swt.widgets.Synchronizer.runAsyncMessages(Synchronizer.java:182)
	at org.eclipse.swt.widgets.Display.runAsyncMessages(Display.java:4536)
	at org.eclipse.swt.widgets.Display.readAndDispatch(Display.java:4154)
	at org.eclipse.e4.ui.internal.workbench.swt.PartRenderingEngine$4.run(PartRenderingEngine.java:1121)
	at org.eclipse.core.databinding.observable.Realm.runWithDefault(Realm.java:336)
	at org.eclipse.e4.ui.internal.workbench.swt.PartRenderingEngine.run(PartRenderingEngine.java:1022)
	at org.eclipse.e4.ui.internal.workbench.E4Workbench.createAndRunUI(E4Workbench.java:150)
	at org.eclipse.ui.internal.Workbench$5.run(Workbench.java:693)
	at org.eclipse.core.databinding.observable.Realm.runWithDefault(Realm.java:336)
	at org.eclipse.ui.internal.Workbench.createAndRunWorkbench(Workbench.java:610)
	at org.eclipse.ui.PlatformUI.createAndRunWorkbench(PlatformUI.java:148)
	at org.eclipse.ui.internal.ide.application.IDEApplication.start(IDEApplication.java:138)
	at org.eclipse.equinox.internal.app.EclipseAppHandle.run(EclipseAppHandle.java:196)
	at org.eclipse.core.runtime.internal.adaptor.EclipseAppLauncher.runApplication(EclipseAppLauncher.java:134)
	at org.eclipse.core.runtime.internal.adaptor.EclipseAppLauncher.start(EclipseAppLauncher.java:104)
	at org.eclipse.core.runtime.adaptor.EclipseStarter.run(EclipseStarter.java:388)
	at org.eclipse.core.runtime.adaptor.EclipseStarter.run(EclipseStarter.java:243)
	at sun.reflect.NativeMethodAccessorImpl.invoke0(Native Method)
	at sun.reflect.NativeMethodAccessorImpl.invoke(NativeMethodAccessorImpl.java:62)
	at sun.reflect.DelegatingMethodAccessorImpl.invoke(DelegatingMethodAccessorImpl.java:43)
	at java.lang.reflect.Method.invoke(Method.java:498)
	at org.eclipse.equinox.launcher.Main.invokeFramework(Main.java:673)
	at org.eclipse.equinox.launcher.Main.basicRun(Main.java:610)
	at org.eclipse.equinox.launcher.Main.run(Main.java:1519)
	at org.eclipse.equinox.launcher.Main.main(Main.java:1492)
2017-09-04 19:25:10,122 INFO  [org.eclim.eclipse.EclimDaemon] Shutting down eclim...
2017-09-04 19:25:10,126 INFO  [org.eclim.eclipse.EclimDaemon] Stopping plugin org.eclim.core
2017-09-04 19:25:10,126 INFO  [org.eclim.plugin.core.CorePlugin] Stopping plugin org.eclim.jdt
2017-09-04 19:25:10,126 INFO  [org.eclim.eclipse.EclimDaemon] Eclim stopped.
2017-09-04 19:59:17,403 INFO  [org.eclim.eclipse.EclimDaemon] Workspace: /home/zh/workspace
2017-09-04 19:59:17,418 INFO  [org.eclim.eclipse.EclimDaemon] Home: /opt/eclipse/plugins/org.eclim_2.6.0/
2017-09-04 19:59:17,418 INFO  [org.eclim.eclipse.EclimDaemon] Starting eclim...
2017-09-04 19:59:17,448 INFO  [org.eclim.eclipse.EclimDaemon] Loading plugin org.eclim
2017-09-04 19:59:17,451 INFO  [org.eclim.eclipse.EclimDaemon] Loading plugin org.eclim.core
2017-09-04 19:59:17,733 INFO  [org.eclim.plugin.core.CorePlugin] Loading eclim plugins...
2017-09-04 19:59:17,737 INFO  [org.eclim.plugin.core.CorePlugin] Loading plugin org.eclim.jdt
2017-09-04 19:59:17,973 INFO  [org.eclim.plugin.core.CorePlugin] Plugins loaded.
2017-09-04 19:59:17,974 INFO  [org.eclim.eclipse.EclimDaemon] Loaded plugin org.eclim.core
2017-09-04 19:59:17,975 INFO  [org.eclim.eclipse.EclimDaemon] Eclim Server Started on: 127.0.0.1:9091
2017-09-04 20:00:11,423 INFO  [org.eclim.eclipse.EclimDaemon] Shutting down eclim...
2017-09-04 20:00:11,431 INFO  [org.eclim.eclipse.EclimDaemon] Stopping plugin org.eclim.core
2017-09-04 20:00:11,432 INFO  [org.eclim.plugin.core.CorePlugin] Stopping plugin org.eclim.jdt
2017-09-04 20:00:11,432 INFO  [org.eclim.eclipse.EclimDaemon] Eclim stopped.
2017-09-04 20:02:54,093 INFO  [org.eclim.eclipse.EclimDaemon] Workspace: /home/zh/workspace
2017-09-04 20:02:54,094 INFO  [org.eclim.eclipse.EclimDaemon] Home: /opt/eclipse/plugins/org.eclim_2.6.0/
2017-09-04 20:02:54,094 INFO  [org.eclim.eclipse.EclimDaemon] Starting eclim...
2017-09-04 20:02:54,096 INFO  [org.eclim.eclipse.EclimDaemon] Loading plugin org.eclim
2017-09-04 20:02:54,096 INFO  [org.eclim.eclipse.EclimDaemon] Loading plugin org.eclim.core
2017-09-04 20:02:54,111 INFO  [org.eclim.plugin.core.CorePlugin] Loading eclim plugins...
2017-09-04 20:02:54,114 INFO  [org.eclim.plugin.core.CorePlugin] Loading plugin org.eclim.jdt
2017-09-04 20:02:54,114 INFO  [org.eclim.plugin.core.CorePlugin] Plugins loaded.
2017-09-04 20:02:54,114 INFO  [org.eclim.eclipse.EclimDaemon] Loaded plugin org.eclim.core
2017-09-04 20:02:54,115 INFO  [org.eclim.eclipse.EclimDaemon] Eclim Server Started on: 127.0.0.1:9091
2017-09-04 20:03:48,093 INFO  [org.eclim.eclipse.EclimDaemon] Shutting down eclim...
2017-09-04 20:03:48,098 INFO  [org.eclim.eclipse.EclimDaemon] Stopping plugin org.eclim.core
2017-09-04 20:03:48,099 INFO  [org.eclim.plugin.core.CorePlugin] Stopping plugin org.eclim.jdt
2017-09-04 20:03:48,099 INFO  [org.eclim.eclipse.EclimDaemon] Eclim stopped.
2017-09-04 20:04:11,058 INFO  [org.eclim.eclipse.EclimDaemon] Workspace: /home/zh/workspace
2017-09-04 20:04:11,058 INFO  [org.eclim.eclipse.EclimDaemon] Home: /opt/eclipse/plugins/org.eclim_2.6.0/
2017-09-04 20:04:11,059 INFO  [org.eclim.eclipse.EclimDaemon] Starting eclim...
2017-09-04 20:04:11,059 INFO  [org.eclim.eclipse.EclimDaemon] Loading plugin org.eclim
2017-09-04 20:04:11,059 INFO  [org.eclim.eclipse.EclimDaemon] Loading plugin org.eclim.core
2017-09-04 20:04:11,072 INFO  [org.eclim.plugin.core.CorePlugin] Loading eclim plugins...
2017-09-04 20:04:11,074 INFO  [org.eclim.plugin.core.CorePlugin] Loading plugin org.eclim.jdt
2017-09-04 20:04:11,075 INFO  [org.eclim.plugin.core.CorePlugin] Plugins loaded.
2017-09-04 20:04:11,075 INFO  [org.eclim.eclipse.EclimDaemon] Loaded plugin org.eclim.core
2017-09-04 20:04:11,076 INFO  [org.eclim.eclipse.EclimDaemon] Eclim Server Started on: 127.0.0.1:9091
2017-09-04 20:04:26,921 INFO  [org.eclim.eclipse.EclimDaemon] Shutting down eclim...
2017-09-04 20:04:26,922 INFO  [org.eclim.eclipse.EclimDaemon] Stopping plugin org.eclim.core
2017-09-04 20:04:26,922 INFO  [org.eclim.plugin.core.CorePlugin] Stopping plugin org.eclim.jdt
2017-09-04 20:04:26,923 INFO  [org.eclim.eclipse.EclimDaemon] Eclim stopped.
2017-09-04 20:05:39,541 INFO  [org.eclim.eclipse.EclimDaemon] Workspace: /home/zh/workspace
2017-09-04 20:05:39,541 INFO  [org.eclim.eclipse.EclimDaemon] Home: /opt/eclipse/plugins/org.eclim_2.6.0/
2017-09-04 20:05:39,541 INFO  [org.eclim.eclipse.EclimDaemon] Starting eclim...
2017-09-04 20:05:39,542 INFO  [org.eclim.eclipse.EclimDaemon] Loading plugin org.eclim
2017-09-04 20:05:39,542 INFO  [org.eclim.eclipse.EclimDaemon] Loading plugin org.eclim.core
2017-09-04 20:05:39,554 INFO  [org.eclim.plugin.core.CorePlugin] Loading eclim plugins...
2017-09-04 20:05:39,557 INFO  [org.eclim.plugin.core.CorePlugin] Loading plugin org.eclim.jdt
2017-09-04 20:05:39,557 INFO  [org.eclim.plugin.core.CorePlugin] Plugins loaded.
2017-09-04 20:05:39,558 INFO  [org.eclim.eclipse.EclimDaemon] Loaded plugin org.eclim.core
2017-09-04 20:05:39,558 INFO  [org.eclim.eclipse.EclimDaemon] Eclim Server Started on: 127.0.0.1:9091
2017-09-04 20:05:42,183 INFO  [org.eclim.eclipse.EclimDaemon] Shutting down eclim...
2017-09-04 20:05:42,185 INFO  [org.eclim.eclipse.EclimDaemon] Stopping plugin org.eclim.core
2017-09-04 20:05:42,185 INFO  [org.eclim.plugin.core.CorePlugin] Stopping plugin org.eclim.jdt
2017-09-04 20:05:42,185 INFO  [org.eclim.eclipse.EclimDaemon] Eclim stopped.
2017-09-04 20:06:44,896 INFO  [org.eclim.eclipse.EclimDaemon] Workspace: /home/zh/workspace
2017-09-04 20:06:44,901 INFO  [org.eclim.eclipse.EclimDaemon] Home: /opt/eclipse/plugins/org.eclim_2.6.0/
2017-09-04 20:06:44,901 INFO  [org.eclim.eclipse.EclimDaemon] Starting eclim...
2017-09-04 20:06:44,909 INFO  [org.eclim.eclipse.EclimDaemon] Loading plugin org.eclim
2017-09-04 20:06:44,912 INFO  [org.eclim.eclipse.EclimDaemon] Loading plugin org.eclim.core
2017-09-04 20:06:45,033 INFO  [org.eclim.plugin.core.CorePlugin] Loading eclim plugins...
2017-09-04 20:06:45,037 INFO  [org.eclim.plugin.core.CorePlugin] Loading plugin org.eclim.jdt
2017-09-04 20:06:45,039 INFO  [org.eclim.plugin.core.CorePlugin] Plugins loaded.
2017-09-04 20:06:45,040 INFO  [org.eclim.eclipse.EclimDaemon] Loaded plugin org.eclim.core
2017-09-04 20:06:45,045 INFO  [org.eclim.eclipse.EclimDaemon] Eclim Server Started on: 127.0.0.1:9091
2017-09-04 20:06:52,389 INFO  [org.eclim.eclipse.EclimDaemon] Shutting down eclim...
2017-09-04 20:06:52,396 INFO  [org.eclim.eclipse.EclimDaemon] Stopping plugin org.eclim.core
2017-09-04 20:06:52,398 INFO  [org.eclim.plugin.core.CorePlugin] Stopping plugin org.eclim.jdt
2017-09-04 20:06:52,398 INFO  [org.eclim.eclipse.EclimDaemon] Eclim stopped.
2017-09-15 14:01:16,747 INFO  [org.eclim.eclipse.EclimDaemon] Workspace: /home/zh/workspace
2017-09-15 14:01:16,772 INFO  [org.eclim.eclipse.EclimDaemon] Home: /opt/eclipse/plugins/org.eclim_2.6.0/
2017-09-15 14:01:16,773 INFO  [org.eclim.eclipse.EclimDaemon] Starting eclim...
2017-09-15 14:01:16,796 INFO  [org.eclim.eclipse.EclimDaemon] Loading plugin org.eclim
2017-09-15 14:01:16,803 INFO  [org.eclim.eclipse.EclimDaemon] Loading plugin org.eclim.core
2017-09-15 14:01:17,156 INFO  [org.eclim.plugin.core.CorePlugin] Loading eclim plugins...
2017-09-15 14:01:17,161 INFO  [org.eclim.plugin.core.CorePlugin] Loading plugin org.eclim.jdt
2017-09-15 14:01:17,273 INFO  [org.eclim.plugin.core.CorePlugin] Plugins loaded.
2017-09-15 14:01:17,274 INFO  [org.eclim.eclipse.EclimDaemon] Loaded plugin org.eclim.core
2017-09-15 14:01:17,276 INFO  [org.eclim.eclipse.EclimDaemon] Eclim Server Started on: 127.0.0.1:9091
